{"/Users/gagbhard/Documents/RnD/PSHackerNews/components/Home/views/Home.jsx": {"path":"/Users/gagbhard/Documents/RnD/PSHackerNews/components/Home/views/Home.jsx","statementMap":{"0":{"start":{"line":10,"column":4},"end":{"line":10,"column":17}},"1":{"start":{"line":11,"column":4},"end":{"line":15,"column":6}},"2":{"start":{"line":24,"column":18},"end":{"line":31,"column":3}},"3":{"start":{"line":25,"column":21},"end":{"line":25,"column":36}},"4":{"start":{"line":26,"column":4},"end":{"line":30,"column":9}},"5":{"start":{"line":27,"column":21},"end":{"line":27,"column":31}},"6":{"start":{"line":29,"column":8},"end":{"line":29,"column":47}},"7":{"start":{"line":37,"column":19},"end":{"line":46,"column":3}},"8":{"start":{"line":38,"column":21},"end":{"line":38,"column":31}},"9":{"start":{"line":39,"column":20},"end":{"line":39,"column":28}},"10":{"start":{"line":40,"column":23},"end":{"line":40,"column":33}},"11":{"start":{"line":42,"column":6},"end":{"line":42,"column":62}},"12":{"start":{"line":43,"column":4},"end":{"line":43,"column":37}},"13":{"start":{"line":44,"column":4},"end":{"line":44,"column":43}},"14":{"start":{"line":45,"column":4},"end":{"line":45,"column":17}},"15":{"start":{"line":52,"column":22},"end":{"line":57,"column":3}},"16":{"start":{"line":53,"column":21},"end":{"line":53,"column":31}},"17":{"start":{"line":54,"column":4},"end":{"line":54,"column":54}},"18":{"start":{"line":55,"column":4},"end":{"line":55,"column":41}},"19":{"start":{"line":56,"column":4},"end":{"line":56,"column":17}},"20":{"start":{"line":63,"column":22},"end":{"line":68,"column":3}},"21":{"start":{"line":64,"column":21},"end":{"line":64,"column":31}},"22":{"start":{"line":65,"column":4},"end":{"line":65,"column":54}},"23":{"start":{"line":66,"column":4},"end":{"line":66,"column":41}},"24":{"start":{"line":67,"column":4},"end":{"line":67,"column":17}},"25":{"start":{"line":71,"column":34},"end":{"line":71,"column":44}},"26":{"start":{"line":72,"column":37},"end":{"line":72,"column":47}},"27":{"start":{"line":73,"column":17},"end":{"line":73,"column":65}},"28":{"start":{"line":74,"column":4},"end":{"line":117,"column":6}}},"fnMap":{"0":{"name":"(anonymous_0)","decl":{"start":{"line":9,"column":2},"end":{"line":9,"column":3}},"loc":{"start":{"line":9,"column":21},"end":{"line":16,"column":3}},"line":9},"1":{"name":"(anonymous_1)","decl":{"start":{"line":24,"column":18},"end":{"line":24,"column":19}},"loc":{"start":{"line":24,"column":53},"end":{"line":31,"column":3}},"line":24},"2":{"name":"(anonymous_2)","decl":{"start":{"line":27,"column":12},"end":{"line":27,"column":13}},"loc":{"start":{"line":27,"column":21},"end":{"line":27,"column":31}},"line":27},"3":{"name":"(anonymous_3)","decl":{"start":{"line":28,"column":12},"end":{"line":28,"column":13}},"loc":{"start":{"line":28,"column":21},"end":{"line":30,"column":7}},"line":28},"4":{"name":"(anonymous_4)","decl":{"start":{"line":37,"column":19},"end":{"line":37,"column":20}},"loc":{"start":{"line":37,"column":25},"end":{"line":46,"column":3}},"line":37},"5":{"name":"(anonymous_5)","decl":{"start":{"line":52,"column":22},"end":{"line":52,"column":23}},"loc":{"start":{"line":52,"column":28},"end":{"line":57,"column":3}},"line":52},"6":{"name":"(anonymous_6)","decl":{"start":{"line":63,"column":22},"end":{"line":63,"column":23}},"loc":{"start":{"line":63,"column":28},"end":{"line":68,"column":3}},"line":63},"7":{"name":"(anonymous_7)","decl":{"start":{"line":70,"column":2},"end":{"line":70,"column":3}},"loc":{"start":{"line":70,"column":11},"end":{"line":118,"column":3}},"line":70}},"branchMap":{"0":{"loc":{"start":{"line":24,"column":19},"end":{"line":24,"column":27}},"type":"default-arg","locations":[{"start":{"line":24,"column":26},"end":{"line":24,"column":27}}],"line":24},"1":{"loc":{"start":{"line":24,"column":29},"end":{"line":24,"column":48}},"type":"default-arg","locations":[{"start":{"line":24,"column":35},"end":{"line":24,"column":48}}],"line":24},"2":{"loc":{"start":{"line":42,"column":6},"end":{"line":42,"column":62}},"type":"cond-expr","locations":[{"start":{"line":42,"column":33},"end":{"line":42,"column":46}},{"start":{"line":42,"column":49},"end":{"line":42,"column":62}}],"line":42},"3":{"loc":{"start":{"line":72,"column":23},"end":{"line":72,"column":32}},"type":"default-arg","locations":[{"start":{"line":72,"column":30},"end":{"line":72,"column":32}}],"line":72},"4":{"loc":{"start":{"line":73,"column":17},"end":{"line":73,"column":65}},"type":"cond-expr","locations":[{"start":{"line":73,"column":49},"end":{"line":73,"column":58}},{"start":{"line":73,"column":61},"end":{"line":73,"column":65}}],"line":73},"5":{"loc":{"start":{"line":73,"column":17},"end":{"line":73,"column":46}},"type":"binary-expr","locations":[{"start":{"line":73,"column":17},"end":{"line":73,"column":26}},{"start":{"line":73,"column":30},"end":{"line":73,"column":46}}],"line":73},"6":{"loc":{"start":{"line":85,"column":20},"end":{"line":85,"column":62}},"type":"cond-expr","locations":[{"start":{"line":85,"column":47},"end":{"line":85,"column":57}},{"start":{"line":85,"column":60},"end":{"line":85,"column":62}}],"line":85},"7":{"loc":{"start":{"line":95,"column":20},"end":{"line":95,"column":62}},"type":"cond-expr","locations":[{"start":{"line":95,"column":47},"end":{"line":95,"column":57}},{"start":{"line":95,"column":60},"end":{"line":95,"column":62}}],"line":95}},"s":{"0":1,"1":1,"2":1,"3":0,"4":0,"5":0,"6":0,"7":1,"8":0,"9":0,"10":0,"11":0,"12":0,"13":0,"14":0,"15":1,"16":0,"17":0,"18":0,"19":0,"20":1,"21":0,"22":0,"23":0,"24":0,"25":1,"26":1,"27":1,"28":1},"f":{"0":1,"1":0,"2":0,"3":0,"4":0,"5":0,"6":0,"7":1},"b":{"0":[0],"1":[0],"2":[0,0],"3":[0],"4":[0,1],"5":[1,1],"6":[1,0],"7":[0,1]},"_coverageSchema":"1a1c01bbd47fc00a2c39e90264f33305004495a9","hash":"6bffe6edfb94e6b43a2b558704a3c320cee56cd0"}
,"/Users/gagbhard/Documents/RnD/PSHackerNews/components/NewsFeed/views/NewsFeed.jsx": {"path":"/Users/gagbhard/Documents/RnD/PSHackerNews/components/NewsFeed/views/NewsFeed.jsx","statementMap":{"0":{"start":{"line":10,"column":4},"end":{"line":10,"column":17}},"1":{"start":{"line":11,"column":4},"end":{"line":13,"column":6}},"2":{"start":{"line":22,"column":20},"end":{"line":69,"column":3}},"3":{"start":{"line":23,"column":71},"end":{"line":23,"column":75}},"4":{"start":{"line":24,"column":4},"end":{"line":24,"column":26}},"5":{"start":{"line":25,"column":20},"end":{"line":25,"column":40}},"6":{"start":{"line":26,"column":22},"end":{"line":26,"column":58}},"7":{"start":{"line":27,"column":4},"end":{"line":68,"column":6}},"8":{"start":{"line":40,"column":31},"end":{"line":40,"column":60}},"9":{"start":{"line":63,"column":29},"end":{"line":63,"column":58}},"10":{"start":{"line":76,"column":19},"end":{"line":80,"column":3}},"11":{"start":{"line":77,"column":4},"end":{"line":77,"column":39}},"12":{"start":{"line":78,"column":24},"end":{"line":78,"column":34}},"13":{"start":{"line":79,"column":4},"end":{"line":79,"column":44}},"14":{"start":{"line":83,"column":32},"end":{"line":83,"column":42}},"15":{"start":{"line":84,"column":4},"end":{"line":88,"column":6}},"16":{"start":{"line":86,"column":34},"end":{"line":86,"column":66}}},"fnMap":{"0":{"name":"(anonymous_0)","decl":{"start":{"line":9,"column":2},"end":{"line":9,"column":3}},"loc":{"start":{"line":9,"column":21},"end":{"line":14,"column":3}},"line":9},"1":{"name":"(anonymous_1)","decl":{"start":{"line":22,"column":20},"end":{"line":22,"column":21}},"loc":{"start":{"line":22,"column":37},"end":{"line":69,"column":3}},"line":22},"2":{"name":"(anonymous_2)","decl":{"start":{"line":40,"column":25},"end":{"line":40,"column":26}},"loc":{"start":{"line":40,"column":31},"end":{"line":40,"column":60}},"line":40},"3":{"name":"(anonymous_3)","decl":{"start":{"line":63,"column":23},"end":{"line":63,"column":24}},"loc":{"start":{"line":63,"column":29},"end":{"line":63,"column":58}},"line":63},"4":{"name":"(anonymous_4)","decl":{"start":{"line":76,"column":19},"end":{"line":76,"column":20}},"loc":{"start":{"line":76,"column":28},"end":{"line":80,"column":3}},"line":76},"5":{"name":"(anonymous_5)","decl":{"start":{"line":82,"column":2},"end":{"line":82,"column":3}},"loc":{"start":{"line":82,"column":11},"end":{"line":89,"column":3}},"line":82},"6":{"name":"(anonymous_6)","decl":{"start":{"line":86,"column":18},"end":{"line":86,"column":19}},"loc":{"start":{"line":86,"column":34},"end":{"line":86,"column":66}},"line":86}},"branchMap":{},"s":{"0":1,"1":1,"2":1,"3":10,"4":10,"5":10,"6":10,"7":10,"8":0,"9":0,"10":1,"11":0,"12":0,"13":0,"14":1,"15":1,"16":10},"f":{"0":1,"1":10,"2":0,"3":0,"4":0,"5":1,"6":10},"b":{},"_coverageSchema":"1a1c01bbd47fc00a2c39e90264f33305004495a9","hash":"d03b0854012ccf43bea1061c848edf93cb09de73"}
,"/Users/gagbhard/Documents/RnD/PSHackerNews/components/hoc/withStyles.js": {"path":"/Users/gagbhard/Documents/RnD/PSHackerNews/components/hoc/withStyles.js","statementMap":{"0":{"start":{"line":3,"column":45},"end":{"line":5,"column":1}}},"fnMap":{"0":{"name":"(anonymous_0)","decl":{"start":{"line":3,"column":15},"end":{"line":3,"column":16}},"loc":{"start":{"line":3,"column":45},"end":{"line":5,"column":1}},"line":3}},"branchMap":{},"s":{"0":3},"f":{"0":3},"b":{},"_coverageSchema":"1a1c01bbd47fc00a2c39e90264f33305004495a9","hash":"15319a00d4666488522f85b41dba76ab6d158ada"}
,"/Users/gagbhard/Documents/RnD/PSHackerNews/services/constants.js": {"path":"/Users/gagbhard/Documents/RnD/PSHackerNews/services/constants.js","statementMap":{"0":{"start":{"line":1,"column":18},"end":{"line":4,"column":1}}},"fnMap":{},"branchMap":{},"s":{"0":1},"f":{},"b":{},"_coverageSchema":"1a1c01bbd47fc00a2c39e90264f33305004495a9","hash":"03c95c70173a1c32286ed09482d7f3d7f968172a"}
,"/Users/gagbhard/Documents/RnD/PSHackerNews/services/endpoints.js": {"path":"/Users/gagbhard/Documents/RnD/PSHackerNews/services/endpoints.js","statementMap":{"0":{"start":{"line":1,"column":18},"end":{"line":5,"column":1}}},"fnMap":{},"branchMap":{},"s":{"0":1},"f":{},"b":{},"_coverageSchema":"1a1c01bbd47fc00a2c39e90264f33305004495a9","hash":"e86b651ba0750dcc57eaa7ae1f9728c2ac58b238"}
}
