{"/Users/gagbhard/Documents/RnD/PSHackerNews/components/Home/views/Home.jsx": {"path":"/Users/gagbhard/Documents/RnD/PSHackerNews/components/Home/views/Home.jsx","statementMap":{"0":{"start":{"line":7,"column":20},"end":{"line":11,"column":1}},"1":{"start":{"line":13,"column":16},"end":{"line":16,"column":1}},"2":{"start":{"line":20,"column":4},"end":{"line":20,"column":17}},"3":{"start":{"line":21,"column":4},"end":{"line":25,"column":6}},"4":{"start":{"line":29,"column":16},"end":{"line":29,"column":37}},"5":{"start":{"line":30,"column":16},"end":{"line":30,"column":32}},"6":{"start":{"line":31,"column":20},"end":{"line":31,"column":36}},"7":{"start":{"line":32,"column":4},"end":{"line":34,"column":6}},"8":{"start":{"line":37,"column":18},"end":{"line":44,"column":3}},"9":{"start":{"line":38,"column":21},"end":{"line":38,"column":36}},"10":{"start":{"line":39,"column":4},"end":{"line":43,"column":9}},"11":{"start":{"line":40,"column":21},"end":{"line":40,"column":31}},"12":{"start":{"line":42,"column":8},"end":{"line":42,"column":47}},"13":{"start":{"line":46,"column":19},"end":{"line":54,"column":3}},"14":{"start":{"line":47,"column":21},"end":{"line":47,"column":31}},"15":{"start":{"line":48,"column":20},"end":{"line":48,"column":28}},"16":{"start":{"line":49,"column":23},"end":{"line":49,"column":33}},"17":{"start":{"line":50,"column":22},"end":{"line":50,"column":80}},"18":{"start":{"line":51,"column":4},"end":{"line":51,"column":37}},"19":{"start":{"line":52,"column":4},"end":{"line":52,"column":43}},"20":{"start":{"line":53,"column":4},"end":{"line":53,"column":17}},"21":{"start":{"line":56,"column":22},"end":{"line":61,"column":3}},"22":{"start":{"line":57,"column":21},"end":{"line":57,"column":31}},"23":{"start":{"line":58,"column":4},"end":{"line":58,"column":52}},"24":{"start":{"line":59,"column":4},"end":{"line":59,"column":43}},"25":{"start":{"line":60,"column":4},"end":{"line":60,"column":17}},"26":{"start":{"line":63,"column":22},"end":{"line":68,"column":3}},"27":{"start":{"line":64,"column":21},"end":{"line":64,"column":31}},"28":{"start":{"line":65,"column":4},"end":{"line":65,"column":52}},"29":{"start":{"line":66,"column":4},"end":{"line":66,"column":43}},"30":{"start":{"line":67,"column":4},"end":{"line":67,"column":17}},"31":{"start":{"line":71,"column":34},"end":{"line":71,"column":44}},"32":{"start":{"line":72,"column":37},"end":{"line":72,"column":47}},"33":{"start":{"line":73,"column":17},"end":{"line":73,"column":65}},"34":{"start":{"line":74,"column":4},"end":{"line":113,"column":6}}},"fnMap":{"0":{"name":"(anonymous_0)","decl":{"start":{"line":19,"column":2},"end":{"line":19,"column":3}},"loc":{"start":{"line":19,"column":21},"end":{"line":26,"column":3}},"line":19},"1":{"name":"(anonymous_1)","decl":{"start":{"line":28,"column":2},"end":{"line":28,"column":3}},"loc":{"start":{"line":28,"column":33},"end":{"line":35,"column":3}},"line":28},"2":{"name":"(anonymous_2)","decl":{"start":{"line":37,"column":18},"end":{"line":37,"column":19}},"loc":{"start":{"line":37,"column":55},"end":{"line":44,"column":3}},"line":37},"3":{"name":"(anonymous_3)","decl":{"start":{"line":40,"column":12},"end":{"line":40,"column":13}},"loc":{"start":{"line":40,"column":21},"end":{"line":40,"column":31}},"line":40},"4":{"name":"(anonymous_4)","decl":{"start":{"line":41,"column":12},"end":{"line":41,"column":13}},"loc":{"start":{"line":41,"column":21},"end":{"line":43,"column":7}},"line":41},"5":{"name":"(anonymous_5)","decl":{"start":{"line":46,"column":19},"end":{"line":46,"column":20}},"loc":{"start":{"line":46,"column":25},"end":{"line":54,"column":3}},"line":46},"6":{"name":"(anonymous_6)","decl":{"start":{"line":56,"column":22},"end":{"line":56,"column":23}},"loc":{"start":{"line":56,"column":28},"end":{"line":61,"column":3}},"line":56},"7":{"name":"(anonymous_7)","decl":{"start":{"line":63,"column":22},"end":{"line":63,"column":23}},"loc":{"start":{"line":63,"column":28},"end":{"line":68,"column":3}},"line":63},"8":{"name":"(anonymous_8)","decl":{"start":{"line":70,"column":2},"end":{"line":70,"column":3}},"loc":{"start":{"line":70,"column":11},"end":{"line":114,"column":3}},"line":70}},"branchMap":{"0":{"loc":{"start":{"line":37,"column":19},"end":{"line":37,"column":27}},"type":"default-arg","locations":[{"start":{"line":37,"column":26},"end":{"line":37,"column":27}}],"line":37},"1":{"loc":{"start":{"line":37,"column":29},"end":{"line":37,"column":50}},"type":"default-arg","locations":[{"start":{"line":37,"column":35},"end":{"line":37,"column":50}}],"line":37},"2":{"loc":{"start":{"line":50,"column":22},"end":{"line":50,"column":80}},"type":"cond-expr","locations":[{"start":{"line":50,"column":47},"end":{"line":50,"column":62}},{"start":{"line":50,"column":65},"end":{"line":50,"column":80}}],"line":50},"3":{"loc":{"start":{"line":72,"column":23},"end":{"line":72,"column":32}},"type":"default-arg","locations":[{"start":{"line":72,"column":30},"end":{"line":72,"column":32}}],"line":72},"4":{"loc":{"start":{"line":73,"column":17},"end":{"line":73,"column":65}},"type":"cond-expr","locations":[{"start":{"line":73,"column":49},"end":{"line":73,"column":58}},{"start":{"line":73,"column":61},"end":{"line":73,"column":65}}],"line":73},"5":{"loc":{"start":{"line":73,"column":17},"end":{"line":73,"column":46}},"type":"binary-expr","locations":[{"start":{"line":73,"column":17},"end":{"line":73,"column":26}},{"start":{"line":73,"column":30},"end":{"line":73,"column":46}}],"line":73},"6":{"loc":{"start":{"line":84,"column":47},"end":{"line":84,"column":87}},"type":"cond-expr","locations":[{"start":{"line":84,"column":72},"end":{"line":84,"column":82}},{"start":{"line":84,"column":85},"end":{"line":84,"column":87}}],"line":84},"7":{"loc":{"start":{"line":92,"column":46},"end":{"line":92,"column":86}},"type":"cond-expr","locations":[{"start":{"line":92,"column":71},"end":{"line":92,"column":81}},{"start":{"line":92,"column":84},"end":{"line":92,"column":86}}],"line":92}},"s":{"0":1,"1":1,"2":1,"3":1,"4":0,"5":0,"6":0,"7":0,"8":1,"9":0,"10":0,"11":0,"12":0,"13":1,"14":0,"15":0,"16":0,"17":0,"18":0,"19":0,"20":0,"21":1,"22":0,"23":0,"24":0,"25":0,"26":1,"27":0,"28":0,"29":0,"30":0,"31":1,"32":1,"33":1,"34":1},"f":{"0":1,"1":0,"2":0,"3":0,"4":0,"5":0,"6":0,"7":0,"8":1},"b":{"0":[0],"1":[0],"2":[0,0],"3":[0],"4":[0,1],"5":[1,1],"6":[1,0],"7":[0,1]},"_coverageSchema":"1a1c01bbd47fc00a2c39e90264f33305004495a9","hash":"2983ec8b97d80bb7a87dd2df7b4654d40c4feb26"}
,"/Users/gagbhard/Documents/RnD/PSHackerNews/components/NewsFeed/views/NewsFeed.jsx": {"path":"/Users/gagbhard/Documents/RnD/PSHackerNews/components/NewsFeed/views/NewsFeed.jsx","statementMap":{"0":{"start":{"line":9,"column":4},"end":{"line":9,"column":17}},"1":{"start":{"line":10,"column":4},"end":{"line":12,"column":6}},"2":{"start":{"line":15,"column":20},"end":{"line":62,"column":3}},"3":{"start":{"line":16,"column":71},"end":{"line":16,"column":75}},"4":{"start":{"line":17,"column":4},"end":{"line":17,"column":26}},"5":{"start":{"line":18,"column":20},"end":{"line":18,"column":40}},"6":{"start":{"line":19,"column":22},"end":{"line":19,"column":58}},"7":{"start":{"line":20,"column":4},"end":{"line":61,"column":6}},"8":{"start":{"line":33,"column":31},"end":{"line":33,"column":61}},"9":{"start":{"line":56,"column":29},"end":{"line":56,"column":59}},"10":{"start":{"line":64,"column":20},"end":{"line":86,"column":3}},"11":{"start":{"line":65,"column":18},"end":{"line":65,"column":52}},"12":{"start":{"line":66,"column":18},"end":{"line":66,"column":20}},"13":{"start":{"line":67,"column":15},"end":{"line":67,"column":17}},"14":{"start":{"line":68,"column":14},"end":{"line":68,"column":15}},"15":{"start":{"line":69,"column":16},"end":{"line":69,"column":18}},"16":{"start":{"line":70,"column":4},"end":{"line":75,"column":5}},"17":{"start":{"line":71,"column":6},"end":{"line":71,"column":22}},"18":{"start":{"line":72,"column":21},"end":{"line":72,"column":56}},"19":{"start":{"line":72,"column":41},"end":{"line":72,"column":55}},"20":{"start":{"line":73,"column":6},"end":{"line":73,"column":55}},"21":{"start":{"line":73,"column":39},"end":{"line":73,"column":53}},"22":{"start":{"line":74,"column":6},"end":{"line":74,"column":42}},"23":{"start":{"line":76,"column":4},"end":{"line":76,"column":20}},"24":{"start":{"line":77,"column":4},"end":{"line":77,"column":21}},"25":{"start":{"line":78,"column":4},"end":{"line":82,"column":5}},"26":{"start":{"line":79,"column":6},"end":{"line":79,"column":28}},"27":{"start":{"line":81,"column":6},"end":{"line":81,"column":25}},"28":{"start":{"line":83,"column":4},"end":{"line":83,"column":65}},"29":{"start":{"line":84,"column":24},"end":{"line":84,"column":34}},"30":{"start":{"line":85,"column":4},"end":{"line":85,"column":44}},"31":{"start":{"line":88,"column":25},"end":{"line":95,"column":3}},"32":{"start":{"line":89,"column":20},"end":{"line":89,"column":41}},"33":{"start":{"line":90,"column":4},"end":{"line":93,"column":5}},"34":{"start":{"line":91,"column":19},"end":{"line":91,"column":54}},"35":{"start":{"line":91,"column":39},"end":{"line":91,"column":53}},"36":{"start":{"line":92,"column":6},"end":{"line":92,"column":48}},"37":{"start":{"line":94,"column":4},"end":{"line":94,"column":13}},"38":{"start":{"line":97,"column":19},"end":{"line":103,"column":3}},"39":{"start":{"line":98,"column":4},"end":{"line":101,"column":5}},"40":{"start":{"line":99,"column":20},"end":{"line":99,"column":62}},"41":{"start":{"line":100,"column":6},"end":{"line":100,"column":31}},"42":{"start":{"line":102,"column":4},"end":{"line":102,"column":14}},"43":{"start":{"line":106,"column":4},"end":{"line":106,"column":41}},"44":{"start":{"line":110,"column":32},"end":{"line":110,"column":42}},"45":{"start":{"line":111,"column":4},"end":{"line":115,"column":6}},"46":{"start":{"line":113,"column":34},"end":{"line":113,"column":66}}},"fnMap":{"0":{"name":"(anonymous_0)","decl":{"start":{"line":8,"column":2},"end":{"line":8,"column":3}},"loc":{"start":{"line":8,"column":21},"end":{"line":13,"column":3}},"line":8},"1":{"name":"(anonymous_1)","decl":{"start":{"line":15,"column":20},"end":{"line":15,"column":21}},"loc":{"start":{"line":15,"column":37},"end":{"line":62,"column":3}},"line":15},"2":{"name":"(anonymous_2)","decl":{"start":{"line":33,"column":25},"end":{"line":33,"column":26}},"loc":{"start":{"line":33,"column":31},"end":{"line":33,"column":61}},"line":33},"3":{"name":"(anonymous_3)","decl":{"start":{"line":56,"column":23},"end":{"line":56,"column":24}},"loc":{"start":{"line":56,"column":29},"end":{"line":56,"column":59}},"line":56},"4":{"name":"(anonymous_4)","decl":{"start":{"line":64,"column":20},"end":{"line":64,"column":21}},"loc":{"start":{"line":64,"column":29},"end":{"line":86,"column":3}},"line":64},"5":{"name":"(anonymous_5)","decl":{"start":{"line":72,"column":34},"end":{"line":72,"column":35}},"loc":{"start":{"line":72,"column":41},"end":{"line":72,"column":55}},"line":72},"6":{"name":"(anonymous_6)","decl":{"start":{"line":73,"column":32},"end":{"line":73,"column":33}},"loc":{"start":{"line":73,"column":39},"end":{"line":73,"column":53}},"line":73},"7":{"name":"(anonymous_7)","decl":{"start":{"line":88,"column":25},"end":{"line":88,"column":26}},"loc":{"start":{"line":88,"column":34},"end":{"line":95,"column":3}},"line":88},"8":{"name":"(anonymous_8)","decl":{"start":{"line":91,"column":32},"end":{"line":91,"column":33}},"loc":{"start":{"line":91,"column":39},"end":{"line":91,"column":53}},"line":91},"9":{"name":"(anonymous_9)","decl":{"start":{"line":97,"column":19},"end":{"line":97,"column":20}},"loc":{"start":{"line":97,"column":25},"end":{"line":103,"column":3}},"line":97},"10":{"name":"(anonymous_10)","decl":{"start":{"line":105,"column":2},"end":{"line":105,"column":3}},"loc":{"start":{"line":105,"column":13},"end":{"line":107,"column":3}},"line":105},"11":{"name":"(anonymous_11)","decl":{"start":{"line":109,"column":2},"end":{"line":109,"column":3}},"loc":{"start":{"line":109,"column":11},"end":{"line":116,"column":3}},"line":109},"12":{"name":"(anonymous_12)","decl":{"start":{"line":113,"column":18},"end":{"line":113,"column":19}},"loc":{"start":{"line":113,"column":34},"end":{"line":113,"column":66}},"line":113}},"branchMap":{"0":{"loc":{"start":{"line":70,"column":4},"end":{"line":75,"column":5}},"type":"if","locations":[{"start":{"line":70,"column":4},"end":{"line":75,"column":5}},{"start":{"line":70,"column":4},"end":{"line":75,"column":5}}],"line":70},"1":{"loc":{"start":{"line":70,"column":8},"end":{"line":70,"column":29}},"type":"binary-expr","locations":[{"start":{"line":70,"column":8},"end":{"line":70,"column":13}},{"start":{"line":70,"column":17},"end":{"line":70,"column":29}}],"line":70},"2":{"loc":{"start":{"line":74,"column":12},"end":{"line":74,"column":41}},"type":"cond-expr","locations":[{"start":{"line":74,"column":21},"end":{"line":74,"column":37}},{"start":{"line":74,"column":40},"end":{"line":74,"column":41}}],"line":74},"3":{"loc":{"start":{"line":78,"column":4},"end":{"line":82,"column":5}},"type":"if","locations":[{"start":{"line":78,"column":4},"end":{"line":82,"column":5}},{"start":{"line":78,"column":4},"end":{"line":82,"column":5}}],"line":78},"4":{"loc":{"start":{"line":90,"column":4},"end":{"line":93,"column":5}},"type":"if","locations":[{"start":{"line":90,"column":4},"end":{"line":93,"column":5}},{"start":{"line":90,"column":4},"end":{"line":93,"column":5}}],"line":90},"5":{"loc":{"start":{"line":90,"column":8},"end":{"line":90,"column":33}},"type":"binary-expr","locations":[{"start":{"line":90,"column":8},"end":{"line":90,"column":15}},{"start":{"line":90,"column":19},"end":{"line":90,"column":33}}],"line":90},"6":{"loc":{"start":{"line":92,"column":13},"end":{"line":92,"column":47}},"type":"cond-expr","locations":[{"start":{"line":92,"column":33},"end":{"line":92,"column":43}},{"start":{"line":92,"column":46},"end":{"line":92,"column":47}}],"line":92},"7":{"loc":{"start":{"line":92,"column":13},"end":{"line":92,"column":30}},"type":"binary-expr","locations":[{"start":{"line":92,"column":13},"end":{"line":92,"column":17}},{"start":{"line":92,"column":21},"end":{"line":92,"column":30}}],"line":92},"8":{"loc":{"start":{"line":98,"column":4},"end":{"line":101,"column":5}},"type":"if","locations":[{"start":{"line":98,"column":4},"end":{"line":101,"column":5}},{"start":{"line":98,"column":4},"end":{"line":101,"column":5}}],"line":98}},"s":{"0":1,"1":1,"2":1,"3":10,"4":10,"5":10,"6":10,"7":10,"8":0,"9":0,"10":1,"11":0,"12":0,"13":0,"14":0,"15":0,"16":0,"17":0,"18":0,"19":0,"20":0,"21":0,"22":0,"23":0,"24":0,"25":0,"26":0,"27":0,"28":0,"29":0,"30":0,"31":1,"32":20,"33":20,"34":0,"35":0,"36":0,"37":20,"38":1,"39":20,"40":20,"41":20,"42":0,"43":20,"44":1,"45":1,"46":10},"f":{"0":1,"1":10,"2":0,"3":0,"4":0,"5":0,"6":0,"7":20,"8":0,"9":20,"10":20,"11":1,"12":10},"b":{"0":[0,0],"1":[0,0],"2":[0,0],"3":[0,0],"4":[0,20],"5":[20,0],"6":[0,0],"7":[0,0],"8":[20,0]},"_coverageSchema":"1a1c01bbd47fc00a2c39e90264f33305004495a9","hash":"eca49f42327913d4a6aa426d097bff6883d9acd6"}
,"/Users/gagbhard/Documents/RnD/PSHackerNews/components/hoc/withStyles.js": {"path":"/Users/gagbhard/Documents/RnD/PSHackerNews/components/hoc/withStyles.js","statementMap":{"0":{"start":{"line":3,"column":45},"end":{"line":5,"column":1}}},"fnMap":{"0":{"name":"(anonymous_0)","decl":{"start":{"line":3,"column":15},"end":{"line":3,"column":16}},"loc":{"start":{"line":3,"column":45},"end":{"line":5,"column":1}},"line":3}},"branchMap":{},"s":{"0":3},"f":{"0":3},"b":{},"_coverageSchema":"1a1c01bbd47fc00a2c39e90264f33305004495a9","hash":"15319a00d4666488522f85b41dba76ab6d158ada"}
}
