TN:
SF:components/Home/views/Home.jsx
FN:9,(anonymous_0)
FN:24,(anonymous_1)
FN:27,(anonymous_2)
FN:28,(anonymous_3)
FN:37,(anonymous_4)
FN:52,(anonymous_5)
FN:63,(anonymous_6)
FN:70,(anonymous_7)
FNF:8
FNH:2
FNDA:1,(anonymous_0)
FNDA:0,(anonymous_1)
FNDA:0,(anonymous_2)
FNDA:0,(anonymous_3)
FNDA:0,(anonymous_4)
FNDA:0,(anonymous_5)
FNDA:0,(anonymous_6)
FNDA:1,(anonymous_7)
DA:10,1
DA:11,1
DA:24,1
DA:25,0
DA:26,0
DA:27,0
DA:29,0
DA:37,1
DA:38,0
DA:39,0
DA:40,0
DA:42,0
DA:43,0
DA:44,0
DA:45,0
DA:52,1
DA:53,0
DA:54,0
DA:55,0
DA:56,0
DA:63,1
DA:64,0
DA:65,0
DA:66,0
DA:67,0
DA:71,1
DA:72,1
DA:73,1
DA:74,1
LF:29
LH:10
BRDA:24,0,0,0
BRDA:24,1,0,0
BRDA:42,2,0,0
BRDA:42,2,1,0
BRDA:72,3,0,0
BRDA:73,4,0,0
BRDA:73,4,1,1
BRDA:73,5,0,1
BRDA:73,5,1,1
BRDA:85,6,0,1
BRDA:85,6,1,0
BRDA:95,7,0,0
BRDA:95,7,1,1
BRF:13
BRH:5
end_of_record
TN:
SF:components/NewsFeed/views/NewsFeed.jsx
FN:9,(anonymous_0)
FN:22,(anonymous_1)
FN:40,(anonymous_2)
FN:63,(anonymous_3)
FN:76,(anonymous_4)
FN:82,(anonymous_5)
FN:86,(anonymous_6)
FNF:7
FNH:4
FNDA:1,(anonymous_0)
FNDA:10,(anonymous_1)
FNDA:0,(anonymous_2)
FNDA:0,(anonymous_3)
FNDA:0,(anonymous_4)
FNDA:1,(anonymous_5)
FNDA:10,(anonymous_6)
DA:10,1
DA:11,1
DA:22,1
DA:23,10
DA:24,10
DA:25,10
DA:26,10
DA:27,10
DA:40,0
DA:63,0
DA:76,1
DA:77,0
DA:78,0
DA:79,0
DA:83,1
DA:84,1
DA:86,10
LF:17
LH:12
BRF:0
BRH:0
end_of_record
TN:
SF:components/hoc/withStyles.js
FN:3,(anonymous_0)
FNF:1
FNH:1
FNDA:3,(anonymous_0)
DA:3,3
LF:1
LH:1
BRF:0
BRH:0
end_of_record
TN:
SF:services/constants.js
FNF:0
FNH:0
DA:1,1
LF:1
LH:1
BRF:0
BRH:0
end_of_record
TN:
SF:services/endpoints.js
FNF:0
FNH:0
DA:1,1
LF:1
LH:1
BRF:0
BRH:0
end_of_record
